Copyright 1986-2018 Xilinx, Inc. All Rights Reserved.
--------------------------------------------------------------------------------------------------------------------------------------------------------------------------------------------------------
| Tool Version : Vivado v.2018.3 (lin64) Build 2405991 Thu Dec  6 23:36:41 MST 2018
| Date         : Wed Apr 24 14:08:07 2019
| Host         : xhdrdevl135 running 64-bit CentOS Linux release 7.5.1804 (Core)
| Command      : report_sdx_utilization -kernels { xil_snappy_cu1_xil_snappy_cu1:pfm_top_i/dynamic_region/xil_snappy_cu1_1/inst:xil_snappy_cu1_1} -file kernel_util_placed.rpt -name kernel_util_placed
| Design       : pfm_top_wrapper
| Device       : xcu200
| Design State : Fully Placed
--------------------------------------------------------------------------------------------------------------------------------------------------------------------------------------------------------

SDx Utilization Design Information

Table of Contents
-----------------
1. SDx System Utilization

1. SDx System Utilization
-------------------------

+-------------------------------+-------------------+------------------+-------------------+----------------+---------------+----------------+
| Name                          | LUT               | LUTMem           | REG               | BRAM           | URAM          | DSP            |
+-------------------------------+-------------------+------------------+-------------------+----------------+---------------+----------------+
| Platform                      |  170170 [ 14.39%] |  19745 [  3.34%] |  238576 [ 10.09%] |  345 [ 15.97%] |   0 [  0.00%] |   10 [  0.15%] |
| User Budget                   | 1012070 [100.00%] | 572095 [100.00%] | 2125904 [100.00%] | 1815 [100.00%] | 960 [100.00%] | 6830 [100.00%] |
|    Used Resources             |   54124 [  5.35%] |  14303 [  2.50%] |   66429 [  3.12%] |  146 [  8.04%] |  48 [  5.00%] |    1 [  0.01%] |
|    Unused Resources           |  957946 [ 94.65%] | 557792 [ 97.50%] | 2059475 [ 96.88%] | 1669 [ 91.96%] | 912 [ 95.00%] | 6829 [ 99.99%] |
| xil_snappy_cu1_xil_snappy_cu1 |   54124 [  5.35%] |  14303 [  2.50%] |   66429 [  3.12%] |  146 [  8.04%] |  48 [  5.00%] |    1 [  0.01%] |
|    xil_snappy_cu1_1           |   54124 [  5.35%] |  14303 [  2.50%] |   66429 [  3.12%] |  146 [  8.04%] |  48 [  5.00%] |    1 [  0.01%] |
+-------------------------------+-------------------+------------------+-------------------+----------------+---------------+----------------+


