Copyright 1986-2018 Xilinx, Inc. All Rights Reserved.
------------------------------------------------------------------------------------------------------------------------------------------------------------------------------------------------------------------------
| Tool Version : Vivado v.2018.3 (lin64) Build 2405991 Thu Dec  6 23:36:41 MST 2018
| Date         : Wed Apr 24 16:36:55 2019
| Host         : xhdrdevl135 running 64-bit CentOS Linux release 7.5.1804 (Core)
| Command      : report_sdx_utilization -kernels { xil_snappy_dec_cu1_xil_snappy_dec_cu1:pfm_top_i/dynamic_region/xil_snappy_dec_cu1_1/inst:xil_snappy_dec_cu1_1} -file kernel_util_placed.rpt -name kernel_util_placed
| Design       : pfm_top_wrapper
| Device       : xcu200
| Design State : Fully Placed
------------------------------------------------------------------------------------------------------------------------------------------------------------------------------------------------------------------------

SDx Utilization Design Information

Table of Contents
-----------------
1. SDx System Utilization

1. SDx System Utilization
-------------------------

+---------------------------------------+-------------------+------------------+-------------------+----------------+---------------+----------------+
| Name                                  | LUT               | LUTMem           | REG               | BRAM           | URAM          | DSP            |
+---------------------------------------+-------------------+------------------+-------------------+----------------+---------------+----------------+
| Platform                              |  150030 [ 12.69%] |  17962 [  3.03%] |  214308 [  9.06%] |  320 [ 14.81%] |   0 [  0.00%] |    7 [  0.10%] |
| User Budget                           | 1032210 [100.00%] | 573878 [100.00%] | 2150172 [100.00%] | 1840 [100.00%] | 960 [100.00%] | 6833 [100.00%] |
|    Used Resources                     |   35651 [  3.45%] |  13762 [  2.40%] |   40924 [  1.90%] |  146 [  7.93%] |   0 [  0.00%] |    1 [  0.01%] |
|    Unused Resources                   |  996559 [ 96.55%] | 560116 [ 97.60%] | 2109248 [ 98.10%] | 1694 [ 92.07%] | 960 [100.00%] | 6832 [ 99.99%] |
| xil_snappy_dec_cu1_xil_snappy_dec_cu1 |   35651 [  3.45%] |  13762 [  2.40%] |   40924 [  1.90%] |  146 [  7.93%] |   0 [  0.00%] |    1 [  0.01%] |
|    xil_snappy_dec_cu1_1               |   35651 [  3.45%] |  13762 [  2.40%] |   40924 [  1.90%] |  146 [  7.93%] |   0 [  0.00%] |    1 [  0.01%] |
+---------------------------------------+-------------------+------------------+-------------------+----------------+---------------+----------------+


